androidapp/grafika/app/build/outputs/logs/manifest-merger-debug-report.txt
-- Merging decision tree log ---
manifest
ADDED from src/main/AndroidManifest.xml:18:1-145:12
INJECTED from src/main/AndroidManifest.xml:18:1-145:12
INJECTED from src/main/AndroidManifest.xml:18:1-145:12
INJECTED from src/main/AndroidManifest.xml:18:1-145:12
MERGED from [com.android.support:design:28.0.0] AndroidManifest.xml:17:1-24:12
MERGED from [com.android.support:appcompat-v7:28.0.0] AndroidManifest.xml:17:1-22:12
MERGED from [com.android.support:support-fragment:28.0.0] AndroidManifest.xml:17:1-22:12
MERGED from [com.android.support:animated-vector-drawable:28.0.0] AndroidManifest.xml:17:1-22:12
MERGED from [com.android.support:recyclerview-v7:28.0.0] AndroidManifest.xml:17:1-22:12
MERGED from [com.android.support:support-core-ui:28.0.0] AndroidManifest.xml:17:1-22:12
MERGED from [com.android.support:support-core-utils:28.0.0] AndroidManifest.xml:17:1-22:12
MERGED from [com.android.support:support-vector-drawable:28.0.0] AndroidManifest.xml:17:1-22:12
MERGED from [com.android.support:transition:28.0.0] AndroidManifest.xml:17:1-22:12
MERGED from [com.android.support:loader:28.0.0] AndroidManifest.xml:17:1-22:12
MERGED from [com.android.support:viewpager:28.0.0] AndroidManifest.xml:17:1-22:12
MERGED from [com.android.support:coordinatorlayout:28.0.0] AndroidManifest.xml:17:1-22:12
MERGED from [com.android.support:drawerlayout:28.0.0] AndroidManifest.xml:17:1-22:12
MERGED from [com.android.support:slidingpanelayout:28.0.0] AndroidManifest.xml:17:1-22:12
MERGED from [com.android.support:customview:28.0.0] AndroidManifest.xml:17:1-22:12
MERGED from [com.android.support:swiperefreshlayout:28.0.0] AndroidManifest.xml:17:1-22:12
MERGED from [com.android.support:asynclayoutinflater:28.0.0] AndroidManifest.xml:17:1-22:12
MERGED from [com.android.support:support-compat:28.0.0] AndroidManifest.xml:17:1-24:12
MERGED from [com.android.support:versionedparcelable:28.0.0] AndroidManifest.xml:17:1-25:12
MERGED from [com.android.support:cursoradapter:28.0.0] AndroidManifest.xml:17:1-22:12
MERGED from [com.android.support:cardview-v7:28.0.0] AndroidManifest.xml:17:1-22:12
MERGED from [android.arch.lifecycle:runtime:1.1.1] AndroidManifest.xml:17:1-22:12
MERGED from [com.android.support:documentfile:28.0.0] AndroidManifest.xml:17:1-22:12
MERGED from [com.android.support:localbroadcastmanager:28.0.0] AndroidManifest.xml:17:1-22:12
MERGED from [com.android.support:print:28.0.0] AndroidManifest.xml:17:1-22:12
MERGED from [android.arch.lifecycle:viewmodel:1.1.1] AndroidManifest.xml:17:1-22:12
MERGED from [com.android.support:interpolator:28.0.0] AndroidManifest.xml:17:1-22:12
MERGED from [android.arch.lifecycle:livedata:1.1.1] AndroidManifest.xml:17:1-22:12
MERGED from [android.arch.lifecycle:livedata-core:1.1.1] AndroidManifest.xml:17:1-22:12
MERGED from [android.arch.core:runtime:1.1.1] AndroidManifest.xml:17:1-22:12
INJECTED from src/main/AndroidManifest.xml:18:1-145:12
INJECTED from src/main/AndroidManifest.xml:18:1-145:12
INJECTED from src/main/AndroidManifest.xml:18:1-145:12
	package
		ADDED from src/main/AndroidManifest.xml:19:5-34
		INJECTED from src/main/AndroidManifest.xml
		INJECTED from src/main/AndroidManifest.xml
	android:versionName
		ADDED from src/main/AndroidManifest.xml:21:5-30
		INJECTED from src/main/AndroidManifest.xml
		INJECTED from src/main/AndroidManifest.xml
	xmlns:android
		ADDED from src/main/AndroidManifest.xml:18:11-69
	android:versionCode
		ADDED from src/main/AndroidManifest.xml:20:5-29
		INJECTED from src/main/AndroidManifest.xml
		INJECTED from src/main/AndroidManifest.xml
uses-permission#android.permission.INTERNET
ADDED from src/main/AndroidManifest.xml:23:5-67
	android:name
		ADDED from src/main/AndroidManifest.xml:23:22-64
uses-permission#android.permission.WRITE_EXTERNAL_STORAGE
ADDED from src/main/AndroidManifest.xml:24:5-81
	android:name
		ADDED from src/main/AndroidManifest.xml:24:22-78
uses-permission#android.permission.CAMERA
ADDED from src/main/AndroidManifest.xml:25:5-65
	android:name
		ADDED from src/main/AndroidManifest.xml:25:22-62
uses-permission#android.permission.READ_EXTERNAL_STORAGE
ADDED from src/main/AndroidManifest.xml:26:5-80
	android:name
		ADDED from src/main/AndroidManifest.xml:26:22-77
uses-feature#0x00020000
ADDED from src/main/AndroidManifest.xml:27:5-78
	android:glEsVersion
		ADDED from src/main/AndroidManifest.xml:27:19-51
	android:required
		ADDED from src/main/AndroidManifest.xml:27:52-75
application
ADDED from src/main/AndroidManifest.xml:29:5-143:19
MERGED from [com.android.support:design:28.0.0] AndroidManifest.xml:22:5-20
MERGED from [com.android.support:design:28.0.0] AndroidManifest.xml:22:5-20
MERGED from [com.android.support:support-compat:28.0.0] AndroidManifest.xml:22:5-94
MERGED from [com.android.support:support-compat:28.0.0] AndroidManifest.xml:22:5-94
MERGED from [com.android.support:versionedparcelable:28.0.0] AndroidManifest.xml:22:5-23:19
MERGED from [com.android.support:versionedparcelable:28.0.0] AndroidManifest.xml:22:5-23:19
	android:appComponentFactory
		ADDED from [com.android.support:support-compat:28.0.0] AndroidManifest.xml:22:18-91
	android:label
		ADDED from src/main/AndroidManifest.xml:32:9-41
	android:icon
		ADDED from src/main/AndroidManifest.xml:31:9-45
	android:allowBackup
		ADDED from src/main/AndroidManifest.xml:30:9-35
	android:theme
		ADDED from src/main/AndroidManifest.xml:33:9-73
activity#com.android.grafika.MainActivity
ADDED from src/main/AndroidManifest.xml:35:9-38:20
	android:label
		ADDED from src/main/AndroidManifest.xml:37:13-45
	android:name
		ADDED from src/main/AndroidManifest.xml:36:13-60
activity#com.android.grafika.LoginActivity
ADDED from src/main/AndroidManifest.xml:39:9-47:20
	android:label
		ADDED from src/main/AndroidManifest.xml:41:13-34
	android:name
		ADDED from src/main/AndroidManifest.xml:40:13-61
intent-filter#action:name:android.intent.action.MAIN+category:name:android.intent.category.LAUNCHER
ADDED from src/main/AndroidManifest.xml:42:13-46:29
action#android.intent.action.MAIN
ADDED from src/main/AndroidManifest.xml:43:17-69
	android:name
		ADDED from src/main/AndroidManifest.xml:43:25-66
category#android.intent.category.LAUNCHER
ADDED from src/main/AndroidManifest.xml:45:17-77
	android:name
		ADDED from src/main/AndroidManifest.xml:45:27-74
activity#com.android.grafika.ReadPixelsActivity
ADDED from src/main/AndroidManifest.xml:48:9-51:20
	android:label
		ADDED from src/main/AndroidManifest.xml:50:13-63
	android:name
		ADDED from src/main/AndroidManifest.xml:49:13-66
activity#com.android.grafika.PlayMovieActivity
ADDED from src/main/AndroidManifest.xml:52:9-55:20
	android:label
		ADDED from src/main/AndroidManifest.xml:54:13-62
	android:name
		ADDED from src/main/AndroidManifest.xml:53:13-65
activity#com.android.grafika.LiveCameraActivity
ADDED from src/main/AndroidManifest.xml:56:9-59:20
	android:label
		ADDED from src/main/AndroidManifest.xml:58:13-63
	android:name
		ADDED from src/main/AndroidManifest.xml:57:13-66
activity#com.android.grafika.CameraCaptureActivity
ADDED from src/main/AndroidManifest.xml:60:9-63:20
	android:label
		ADDED from src/main/AndroidManifest.xml:62:13-66
	android:name
		ADDED from src/main/AndroidManifest.xml:61:13-69
activity#com.android.grafika.TextureViewGLActivity
ADDED from src/main/AndroidManifest.xml:64:9-67:20
	android:label
		ADDED from src/main/AndroidManifest.xml:66:13-67
	android:name
		ADDED from src/main/AndroidManifest.xml:65:13-69
activity#com.android.grafika.TextureViewCanvasActivity
ADDED from src/main/AndroidManifest.xml:68:9-71:20
	android:label
		ADDED from src/main/AndroidManifest.xml:70:13-71
	android:name
		ADDED from src/main/AndroidManifest.xml:69:13-73
activity#com.android.grafika.RecordFBOActivity
ADDED from src/main/AndroidManifest.xml:72:9-83:20
	android:label
		ADDED from src/main/AndroidManifest.xml:74:13-62
	android:theme
		ADDED from src/main/AndroidManifest.xml:75:13-71
	android:name
		ADDED from src/main/AndroidManifest.xml:73:13-65
activity#com.android.grafika.ChorTestActivity
ADDED from src/main/AndroidManifest.xml:84:9-87:20
	android:label
		ADDED from src/main/AndroidManifest.xml:86:13-61
	android:name
		ADDED from src/main/AndroidManifest.xml:85:13-64
activity#com.android.grafika.DoubleDecodeActivity
ADDED from src/main/AndroidManifest.xml:88:9-91:20
	android:label
		ADDED from src/main/AndroidManifest.xml:90:13-65
	android:name
		ADDED from src/main/AndroidManifest.xml:89:13-68
activity#com.android.grafika.ContinuousCaptureActivity
ADDED from src/main/AndroidManifest.xml:92:9-95:20
	android:label
		ADDED from src/main/AndroidManifest.xml:94:13-70
	android:name
		ADDED from src/main/AndroidManifest.xml:93:13-73
activity#com.android.grafika.SoftInputSurfaceActivity
ADDED from src/main/AndroidManifest.xml:96:9-99:20
	android:label
		ADDED from src/main/AndroidManifest.xml:98:13-70
	android:name
		ADDED from src/main/AndroidManifest.xml:97:13-72
activity#com.android.grafika.HardwareScalerActivity
ADDED from src/main/AndroidManifest.xml:100:9-104:20
	android:label
		ADDED from src/main/AndroidManifest.xml:102:13-67
	android:theme
		ADDED from src/main/AndroidManifest.xml:103:13-71
	android:name
		ADDED from src/main/AndroidManifest.xml:101:13-70
activity#com.android.grafika.GlesInfoActivity
ADDED from src/main/AndroidManifest.xml:105:9-108:20
	android:label
		ADDED from src/main/AndroidManifest.xml:107:13-61
	android:name
		ADDED from src/main/AndroidManifest.xml:106:13-64
activity#com.android.grafika.PlayMovieSurfaceActivity
ADDED from src/main/AndroidManifest.xml:109:9-112:20
	android:label
		ADDED from src/main/AndroidManifest.xml:111:13-70
	android:name
		ADDED from src/main/AndroidManifest.xml:110:13-72
activity#com.android.grafika.MultiSurfaceActivity
ADDED from src/main/AndroidManifest.xml:113:9-117:20
	android:label
		ADDED from src/main/AndroidManifest.xml:115:13-70
	android:theme
		ADDED from src/main/AndroidManifest.xml:116:13-54
	android:name
		ADDED from src/main/AndroidManifest.xml:114:13-68
activity#com.android.grafika.CodecOpenActivity
ADDED from src/main/AndroidManifest.xml:118:9-121:20
	android:label
		ADDED from src/main/AndroidManifest.xml:120:13-62
	android:name
		ADDED from src/main/AndroidManifest.xml:119:13-65
activity#com.android.grafika.TextureUploadActivity
ADDED from src/main/AndroidManifest.xml:122:9-125:20
	android:label
		ADDED from src/main/AndroidManifest.xml:124:13-66
	android:name
		ADDED from src/main/AndroidManifest.xml:123:13-69
activity#com.android.grafika.ColorBarActivity
ADDED from src/main/AndroidManifest.xml:126:9-130:20
	android:label
		ADDED from src/main/AndroidManifest.xml:128:13-52
	android:theme
		ADDED from src/main/AndroidManifest.xml:129:13-71
	android:name
		ADDED from src/main/AndroidManifest.xml:127:13-64
activity#com.android.grafika.ScheduledSwapActivity
ADDED from src/main/AndroidManifest.xml:131:9-135:20
	android:label
		ADDED from src/main/AndroidManifest.xml:133:13-57
	android:theme
		ADDED from src/main/AndroidManifest.xml:134:13-55
	android:name
		ADDED from src/main/AndroidManifest.xml:132:13-69
activity#com.android.grafika.TextureFromCameraActivity
ADDED from src/main/AndroidManifest.xml:136:9-140:20
	android:label
		ADDED from src/main/AndroidManifest.xml:138:13-62
	android:theme
		ADDED from src/main/AndroidManifest.xml:139:13-71
	android:name
		ADDED from src/main/AndroidManifest.xml:137:13-73
activity#com.android.grafika.ScreenRecordActivity
ADDED from src/main/AndroidManifest.xml:141:9-142:47
	android:label
		ADDED from src/main/AndroidManifest.xml:142:13-45
	android:name
		ADDED from src/main/AndroidManifest.xml:141:19-55
uses-sdk
INJECTED from src/main/AndroidManifest.xml reason: use-sdk injection requested
INJECTED from src/main/AndroidManifest.xml
INJECTED from src/main/AndroidManifest.xml
MERGED from [com.android.support:design:28.0.0] AndroidManifest.xml:20:5-44
MERGED from [com.android.support:design:28.0.0] AndroidManifest.xml:20:5-44
MERGED from [com.android.support:appcompat-v7:28.0.0] AndroidManifest.xml:20:5-44
MERGED from [com.android.support:appcompat-v7:28.0.0] AndroidManifest.xml:20:5-44
MERGED from [com.android.support:support-fragment:28.0.0] AndroidManifest.xml:20:5-44
MERGED from [com.android.support:support-fragment:28.0.0] AndroidManifest.xml:20:5-44
MERGED from [com.android.support:animated-vector-drawable:28.0.0] AndroidManifest.xml:20:5-44
MERGED from [com.android.support:animated-vector-drawable:28.0.0] AndroidManifest.xml:20:5-44
MERGED from [com.android.support:recyclerview-v7:28.0.0] AndroidManifest.xml:20:5-44
MERGED from [com.android.support:recyclerview-v7:28.0.0] AndroidManifest.xml:20:5-44
MERGED from [com.android.support:support-core-ui:28.0.0] AndroidManifest.xml:20:5-44
MERGED from [com.android.support:support-core-ui:28.0.0] AndroidManifest.xml:20:5-44
MERGED from [com.android.support:support-core-utils:28.0.0] AndroidManifest.xml:20:5-44
MERGED from [com.android.support:support-core-utils:28.0.0] AndroidManifest.xml:20:5-44
MERGED from [com.android.support:support-vector-drawable:28.0.0] AndroidManifest.xml:20:5-44
MERGED from [com.android.support:support-vector-drawable:28.0.0] AndroidManifest.xml:20:5-44
MERGED from [com.android.support:transition:28.0.0] AndroidManifest.xml:20:5-44
MERGED from [com.android.support:transition:28.0.0] AndroidManifest.xml:20:5-44
MERGED from [com.android.support:loader:28.0.0] AndroidManifest.xml:20:5-44
MERGED from [com.android.support:loader:28.0.0] AndroidManifest.xml:20:5-44
MERGED from [com.android.support:viewpager:28.0.0] AndroidManifest.xml:20:5-44
MERGED from [com.android.support:viewpager:28.0.0] AndroidManifest.xml:20:5-44
MERGED from [com.android.support:coordinatorlayout:28.0.0] AndroidManifest.xml:20:5-44
MERGED from [com.android.support:coordinatorlayout:28.0.0] AndroidManifest.xml:20:5-44
MERGED from [com.android.support:drawerlayout:28.0.0] AndroidManifest.xml:20:5-44
MERGED from [com.android.support:drawerlayout:28.0.0] AndroidManifest.xml:20:5-44
MERGED from [com.android.support:slidingpanelayout:28.0.0] AndroidManifest.xml:20:5-44
MERGED from [com.android.support:slidingpanelayout:28.0.0] AndroidManifest.xml:20:5-44
MERGED from [com.android.support:customview:28.0.0] AndroidManifest.xml:20:5-44
MERGED from [com.android.support:customview:28.0.0] AndroidManifest.xml:20:5-44
MERGED from [com.android.support:swiperefreshlayout:28.0.0] AndroidManifest.xml:20:5-44
MERGED from [com.android.support:swiperefreshlayout:28.0.0] AndroidManifest.xml:20:5-44
MERGED from [com.android.support:asynclayoutinflater:28.0.0] AndroidManifest.xml:20:5-44
MERGED from [com.android.support:asynclayoutinflater:28.0.0] AndroidManifest.xml:20:5-44
MERGED from [com.android.support:support-compat:28.0.0] AndroidManifest.xml:20:5-44
MERGED from [com.android.support:support-compat:28.0.0] AndroidManifest.xml:20:5-44
MERGED from [com.android.support:versionedparcelable:28.0.0] AndroidManifest.xml:20:5-44
MERGED from [com.android.support:versionedparcelable:28.0.0] AndroidManifest.xml:20:5-44
MERGED from [com.android.support:cursoradapter:28.0.0] AndroidManifest.xml:20:5-44
MERGED from [com.android.support:cursoradapter:28.0.0] AndroidManifest.xml:20:5-44
MERGED from [com.android.support:cardview-v7:28.0.0] AndroidManifest.xml:20:5-44
MERGED from [com.android.support:cardview-v7:28.0.0] AndroidManifest.xml:20:5-44
MERGED from [android.arch.lifecycle:runtime:1.1.1] AndroidManifest.xml:20:5-44
MERGED from [android.arch.lifecycle:runtime:1.1.1] AndroidManifest.xml:20:5-44
MERGED from [com.android.support:documentfile:28.0.0] AndroidManifest.xml:20:5-44
MERGED from [com.android.support:documentfile:28.0.0] AndroidManifest.xml:20:5-44
MERGED from [com.android.support:localbroadcastmanager:28.0.0] AndroidManifest.xml:20:5-44
MERGED from [com.android.support:localbroadcastmanager:28.0.0] AndroidManifest.xml:20:5-44
MERGED from [com.android.support:print:28.0.0] AndroidManifest.xml:20:5-44
MERGED from [com.android.support:print:28.0.0] AndroidManifest.xml:20:5-44
MERGED from [android.arch.lifecycle:viewmodel:1.1.1] AndroidManifest.xml:20:5-44
MERGED from [android.arch.lifecycle:viewmodel:1.1.1] AndroidManifest.xml:20:5-44
MERGED from [com.android.support:interpolator:28.0.0] AndroidManifest.xml:20:5-44
MERGED from [com.android.support:interpolator:28.0.0] AndroidManifest.xml:20:5-44
MERGED from [android.arch.lifecycle:livedata:1.1.1] AndroidManifest.xml:20:5-44
MERGED from [android.arch.lifecycle:livedata:1.1.1] AndroidManifest.xml:20:5-44
MERGED from [android.arch.lifecycle:livedata-core:1.1.1] AndroidManifest.xml:20:5-44
MERGED from [android.arch.lifecycle:livedata-core:1.1.1] AndroidManifest.xml:20:5-44
MERGED from [android.arch.core:runtime:1.1.1] AndroidManifest.xml:20:5-44
MERGED from [android.arch.core:runtime:1.1.1] AndroidManifest.xml:20:5-44
INJECTED from src/main/AndroidManifest.xml
INJECTED from src/main/AndroidManifest.xml
	android:targetSdkVersion
		INJECTED from src/main/AndroidManifest.xml
		ADDED from src/main/AndroidManifest.xml
		INJECTED from src/main/AndroidManifest.xml
	android:minSdkVersion
		INJECTED from src/main/AndroidManifest.xml
		ADDED from src/main/AndroidManifest.xml
		INJECTED from src/main/AndroidManifest.xml